c:\Users\Daniel\documents\visual studio 2010\Projects\Arrays and Procedure Example\Arrays and Procedure Example\Debug\Arrays and Procedure Example.exe.embed.manifest
C:\USERS\DANIEL\DOCUMENTS\VISUAL STUDIO 2010\PROJECTS\ARRAYS AND PROCEDURE EXAMPLE\ARRAYS AND PROCEDURE EXAMPLE\DEBUG\ARRAYS AND PROCEDURE EXAMPLE.EXE.EMBED.MANIFEST.RES
c:\Users\Daniel\documents\visual studio 2010\Projects\Arrays and Procedure Example\Arrays and Procedure Example\Debug\Arrays and Procedure Example.exe.intermediate.manifest
c:\Users\Daniel\documents\visual studio 2010\Projects\Arrays and Procedure Example\Arrays and Procedure Example\Debug\Arrays and Procedure Example_manifest.rc
C:\USERS\DANIEL\DOCUMENTS\VISUAL STUDIO 2010\PROJECTS\ARRAYS AND PROCEDURE EXAMPLE\ARRAYS AND PROCEDURE EXAMPLE\DEBUG\ARRAYS EXAMPLES.OBJ
c:\Users\Daniel\documents\visual studio 2010\Projects\Arrays and Procedure Example\Arrays and Procedure Example\Debug\cl.command.1.tlog
c:\Users\Daniel\documents\visual studio 2010\Projects\Arrays and Procedure Example\Arrays and Procedure Example\Debug\CL.read.1.tlog
c:\Users\Daniel\documents\visual studio 2010\Projects\Arrays and Procedure Example\Arrays and Procedure Example\Debug\CL.write.1.tlog
c:\Users\Daniel\documents\visual studio 2010\Projects\Arrays and Procedure Example\Arrays and Procedure Example\Debug\link.command.1.tlog
c:\Users\Daniel\documents\visual studio 2010\Projects\Arrays and Procedure Example\Arrays and Procedure Example\Debug\link.read.1.tlog
c:\Users\Daniel\documents\visual studio 2010\Projects\Arrays and Procedure Example\Arrays and Procedure Example\Debug\link.write.1.tlog
c:\Users\Daniel\documents\visual studio 2010\Projects\Arrays and Procedure Example\Arrays and Procedure Example\Debug\link-cvtres.read.1.tlog
c:\Users\Daniel\documents\visual studio 2010\Projects\Arrays and Procedure Example\Arrays and Procedure Example\Debug\link-cvtres.write.1.tlog
C:\USERS\DANIEL\DOCUMENTS\VISUAL STUDIO 2010\PROJECTS\ARRAYS AND PROCEDURE EXAMPLE\ARRAYS AND PROCEDURE EXAMPLE\DEBUG\PROCEDURES EXAMPLE.OBJ
c:\Users\Daniel\documents\visual studio 2010\Projects\Arrays and Procedure Example\Arrays and Procedure Example\Debug\rc.command.1.tlog
c:\Users\Daniel\documents\visual studio 2010\Projects\Arrays and Procedure Example\Arrays and Procedure Example\Debug\rc.read.1.tlog
c:\Users\Daniel\documents\visual studio 2010\Projects\Arrays and Procedure Example\Arrays and Procedure Example\Debug\rc.write.1.tlog
c:\Users\Daniel\documents\visual studio 2010\Projects\Arrays and Procedure Example\Arrays and Procedure Example\Debug\vc100.idb
C:\USERS\DANIEL\DOCUMENTS\VISUAL STUDIO 2010\PROJECTS\ARRAYS AND PROCEDURE EXAMPLE\ARRAYS AND PROCEDURE EXAMPLE\DEBUG\VC100.PDB
c:\users\daniel\documents\visual studio 2010\Projects\Arrays and Procedure Example\Debug\Arrays and Procedure Example.pdb
